<?xml version="1.0" encoding="UTF-8"?>
<!-- Generated by org.testng.reporters.JUnitXMLReporter -->
<testsuite hostname="Admin-PC" ignored="0" name="Test" tests="2" failures="1" timestamp="01 Jan 2018 12:33:02 GMT" time="57.467" errors="0">
  <testcase name="logintoAppasteneant" time="5.706" classname="testClases.LoginasTenant"/>
  <testcase name="CretenewStore" time="28.32" classname="testClases.CreateStore">
    <failure type="java.lang.AssertionError" message="expected [01-Jan-2018] but found [1-Jan-2018]">
      <![CDATA[java.lang.AssertionError: expected [01-Jan-2018] but found [1-Jan-2018]at pageObjects.BusinessCenterDetailsPage.verifyRegdate(BusinessCenterDetailsPage.java:158)at testClases.CreateStore.CretenewStore(CreateStore.java:46)... Removed 35 stack frames]]>
    </failure>
  </testcase> <!-- CretenewStore -->
</testsuite> <!-- Test -->
