<?xml version="1.0" encoding="UTF-8"?>
<!-- Generated by org.testng.reporters.JUnitXMLReporter -->
<testsuite hostname="RGX-BLR-LT-Sunil-0030" ignored="0" name="Test" tests="3" failures="3" timestamp="23 Sep 2017 14:23:14 GMT" time="47.642" errors="0">
  <testcase name="LoginToApp" time="2.834" classname="Com.Flo.Testclasses.Requirements.Login.Login">
    <failure type="java.lang.AssertionError" message="expected [Corporate Dashboard] but found [Carporate Dashboard]">
      <![CDATA[java.lang.AssertionError: expected [Corporate Dashboard] but found [Carporate Dashboard]
	at Com.Flo.Pages.corporate.Corpdashboardpage_Functions.verifydashboardpage(Corpdashboardpage_Functions.java:21)
	at Com.Flo.Testclasses.Requirements.Login.Login.LoginToApp(Login.java:21)
... Removed 31 stack frames]]>
    </failure>
  </testcase> <!-- LoginToApp -->
  <testcase name="LogoutFromApp" time="2.118" classname="Com.Flo.Testclasses.Requirements.Login.Login">
    <failure type="java.lang.AssertionError" message="expected [Corporate Dashboard] but found [Carporate Dashboard]">
      <![CDATA[java.lang.AssertionError: expected [Corporate Dashboard] but found [Carporate Dashboard]
	at Com.Flo.Pages.corporate.Corpdashboardpage_Functions.verifydashboardpage(Corpdashboardpage_Functions.java:21)
	at Com.Flo.Testclasses.Requirements.Login.Login.LogoutFromApp(Login.java:33)
... Removed 31 stack frames]]>
    </failure>
  </testcase> <!-- LogoutFromApp -->
  <testcase name="Create_Requisite" time="2.688" classname="Com.Flo.Testclasses.Requirements.Corporate.Create_New_Requisite">
    <failure type="java.lang.AssertionError" message="expected [Corporate Dashboard] but found [Carporate Dashboard]">
      <![CDATA[java.lang.AssertionError: expected [Corporate Dashboard] but found [Carporate Dashboard]
	at Com.Flo.Pages.corporate.Corpdashboardpage_Functions.verifydashboardpage(Corpdashboardpage_Functions.java:21)
	at Com.Flo.Testclasses.Requirements.Corporate.Create_New_Requisite.Create_Requisite(Create_New_Requisite.java:26)
... Removed 31 stack frames]]>
    </failure>
  </testcase> <!-- Create_Requisite -->
</testsuite> <!-- Test -->
