<?xml version="1.0" encoding="UTF-8"?>
<!-- Generated by org.testng.reporters.JUnitXMLReporter -->
<testsuite hostname="DESKTOP-PF2RNHQ" ignored="0" name="Default test" tests="2" failures="0" timestamp="18 Jul 2017 17:17:44 GMT" time="57.834" errors="0">
  <testcase name="LoginToApp" time="9.695" classname="Com.Flo.Testclasses.Requirements.Login.Login"/>
  <testcase name="LogoutFromApp" time="22.992" classname="Com.Flo.Testclasses.Requirements.Login.Login"/>
</testsuite> <!-- Default test -->
