<?xml version="1.0" encoding="UTF-8"?>
<testng-results skipped="0" failed="0" ignored="0" total="1" passed="1">
  <reporter-output>
  </reporter-output>
  <suite name="Default suite" duration-ms="15602" started-at="2017-07-08T09:07:35Z" finished-at="2017-07-08T09:07:51Z">
    <groups>
    </groups>
    <test name="Default test" duration-ms="15602" started-at="2017-07-08T09:07:35Z" finished-at="2017-07-08T09:07:51Z">
      <class name="Com.Flo.Testclasses.Requirements.Login.Login">
        <test-method status="PASS" signature="tearup()[pri:0, instance:Com.Flo.Testclasses.Requirements.Login.Login@6f7fd0e6]" name="tearup" is-config="true" duration-ms="15573" started-at="2017-07-08T14:37:35Z" finished-at="2017-07-08T14:37:51Z">
          <reporter-output>
          </reporter-output>
        </test-method> <!-- tearup -->
        <test-method status="PASS" signature="Login()[pri:0, instance:Com.Flo.Testclasses.Requirements.Login.Login@6f7fd0e6]" name="Login" duration-ms="7" started-at="2017-07-08T14:37:51Z" finished-at="2017-07-08T14:37:51Z">
          <reporter-output>
          </reporter-output>
        </test-method> <!-- Login -->
      </class> <!-- Com.Flo.Testclasses.Requirements.Login.Login -->
    </test> <!-- Default test -->
  </suite> <!-- Default suite -->
</testng-results>
